
 I N P U T   P H A S E                                   30 Apr 2021  14:30:18

     PROCESSING CONTROL INFORMATION

     PROCESSING STORY DATA

     PROCESSING MATERIAL AND SECTION PROPERTY DATA

     PROCESSING FRAME TYPE  1 : TYPICAL                                         

          PROCESSING FRAME GEOMETRY & LOADING DATA

          PROCESSING FRAME ELEMENT LOCATION DATA

          PROCESSING FRAME LOADING LOCATION DATA

          CHECKING LEVEL ROOF    
          CHECKING LEVEL WINTOP  
          CHECKING LEVEL WINBOT  
          CHECKING LEVEL FLOOR   
          CHECKING LEVEL FNDTOP  
          CHECKING LEVEL FNDMID  
          CHECKING LEVEL FNDBOT  

     PROCESSING FRAME LOCATION DATA

     PROCESSING STATIC LATERAL LOAD DATA

     PROCESSING LOAD CASE DATA


 F R A M E   S T I F F N E S S   P H A S E               30 Apr 2021  14:30:20

 PROCESSING FRAME TYPE  1

     OPTIMIZING STIFFNESS MATRIX PROFILE

     GENERATING ELEMENT STIFFNESS MATRICES

          AT LEVEL ROOF    
          AT LEVEL WINTOP  
          AT LEVEL WINBOT  
          AT LEVEL FLOOR   
          AT LEVEL FNDTOP  
          AT LEVEL FNDMID  
          AT LEVEL FNDBOT  

     GENERATING STIFFNESS MATRIX PROFILE

     FRAME STIFFNESS MATRIX STATISTICS

          TOTAL NUMBER OF EQUATIONS           =        1041
          TOTAL NUMBER OF ELEMENTS            =         617
          NUMBER OF WORDS IN STIFFNESS MATRIX =      147141
          NUMBER OF BLOCKS                    =           1
          BLOCK SIZE AVAILABLE AT REDUCTION   =      247456
          BLOCK SIZE AVAILABLE AT RECOVERY    =      242209
          BLOCK SIZE USED                     =      147141

     ASSEMBLING STIFFNESS BLOCK   1  OF   1

     ASSEMBLING LOAD      BLOCK   1  OF   6
            AND LOAD      BLOCK   2

     ASSEMBLING LOAD      BLOCK   3  OF   6
            AND LOAD      BLOCK   4

     ASSEMBLING LOAD      BLOCK   5  OF   6
            AND LOAD      BLOCK   6

     CONDENSING STIFFNESS BLOCK   1  OF   1
             BY STIFFNESS BLOCK   1

     CONDENSING LOAD      BLOCK   1  OF   6

     CONDENSING LOAD      BLOCK   2  OF   6

     CONDENSING LOAD      BLOCK   3  OF   6

     CONDENSING LOAD      BLOCK   4  OF   6

     CONDENSING LOAD      BLOCK   5  OF   6

     CONDENSING LOAD      BLOCK   6  OF   6

     EXTRACTING FRAME LATERAL STIFFNESS MATRIX


 S T R U C T U R E   S T I F F N E S S   P H A S E       30 Apr 2021  14:30:21

     ASSEMBLING STRUCTURAL LATERAL STIFFNESS

          ADDING FRAME :                                                 

     TRIANGULARIZING LATERAL STIFFNESS MATRIX

 E I G E N   S O L U T I O N   P H A S E

     EVALUATING MODE SHAPES AND FREQUENCIES

          EIGEN SYSTEM PARAMETERS FOR SUBSPACE ITERATION

          NUMBER OF LATERAL DEGREES OF FREEDOM  =     42
          NUMBER OF MASS DEGREES OF FREEDOM     =     21
          NUMBER OF REQUIRED MODE SHAPES        =     10
          NUMBER OF VECTORS IN SUBSPACE         =     16



          ITERATION        APPROXIMATIONS TO NEXT 4 TIME PERIODS
             NUMBER
                  1   0.5394112   0.5062814   0.3787275   0.3062779
                  2   0.5394216   0.5063163   0.3787291   0.3065878

          MODE SHAPE  1  OF 10  CONVERGED    (PERIOD IS   0.5394216)

          MODE SHAPE  2  OF 10  CONVERGED    (PERIOD IS   0.5063163)

          MODE SHAPE  3  OF 10  CONVERGED    (PERIOD IS   0.3787291)



          ITERATION        APPROXIMATIONS TO NEXT 4 TIME PERIODS
             NUMBER
                  3   0.3065878   0.2043134   0.1405452   0.1200194

          MODE SHAPE  4  OF 10  CONVERGED    (PERIOD IS   0.3065878)

          MODE SHAPE  5  OF 10  CONVERGED    (PERIOD IS   0.2043134)



          ITERATION        APPROXIMATIONS TO NEXT 4 TIME PERIODS
             NUMBER
                  4   0.1405452   0.1200194   0.0880997   0.0868310

          MODE SHAPE  6  OF 10  CONVERGED    (PERIOD IS   0.1405452)

          MODE SHAPE  7  OF 10  CONVERGED    (PERIOD IS   0.1200194)

          MODE SHAPE  8  OF 10  CONVERGED    (PERIOD IS   0.0880997)

          MODE SHAPE  9  OF 10  CONVERGED    (PERIOD IS   0.0868310)

          MODE SHAPE 10  OF 10  CONVERGED    (PERIOD IS   0.0706519)

     WRITING MODE SHAPES AND FREQUENCIES


 S T R U C T U R E   S O L U T I O N   P H A S E         30 Apr 2021  14:30:21

     CALCULATING CENTERS OF RIGIDITY

     STATIC ANALYSIS SOLUTION

     PRODUCING FRAME LATERAL DISPLACEMENTS

          PROCESSING FRAME :                                                 

     PRODUCING FRAME VERTICAL DISPLACEMENTS

          PROCESSING FRAME :                                                 

               BACKSUBSTITUTING LOAD BLOCK   1  OF   1
                        BY STIFFNESS BLOCK   1

               RECOVERING FRAME DISPLACEMENTS

                         AT LEVEL FNDBOT  
                         AT LEVEL FNDMID  
                         AT LEVEL FNDTOP  
                         AT LEVEL FLOOR   
                         AT LEVEL WINBOT  
                         AT LEVEL WINTOP  
                         AT LEVEL ROOF    

     WRITING FRAME ORIGIN DISPLACEMENTS

          PROCESSING FRAME :                                                 

     WRITING FRAME ORIGIN DRIFT RATIOS

          PROCESSING FRAME :                                                 

     WRITING FRAME ORIGIN STORY SHEARS

          PROCESSING FRAME :                                                 


 F R A M E   R E C O V E R Y   P H A S E                 30 Apr 2021  14:30:22

 PROCESSING FRAME :                                                 

     RECOVERING FRAME DISPLACEMENTS AND MEMBER FORCES

          AT LEVEL FNDBOT  
          AT LEVEL FNDMID  
          AT LEVEL FNDTOP  
          AT LEVEL FLOOR   
          AT LEVEL WINBOT  
          AT LEVEL WINTOP  
          AT LEVEL ROOF    

     RECOVERING FRAME BASE REACTIONS


 F R A M E   O U T P U T   P H A S E                     30 Apr 2021  14:30:23

 PROCESSING FRAME :                                                 

     WRITING FRAME DISPLACEMENTS & MEMBER FORCES

          AT LEVEL ROOF    
          AT LEVEL WINTOP  
          AT LEVEL WINBOT  
          AT LEVEL FLOOR   
          AT LEVEL FNDTOP  
          AT LEVEL FNDMID  
          AT LEVEL FNDBOT  

     WRITING FRAME BASE REACTIONS



       O U T P U T   F I L E S   C R E A T E D   B Y   P R O G R A M


          ECHO OF INPUT  - - - - - - - - - C:\Dropbox\_loring\model\etab\remod28.EKO         

          TIME PERIODS & MODE SHAPES - - - C:\Dropbox\_loring\model\etab\remod28.EIG         

          STORY DISPLACEMENTS & FORCES - - C:\Dropbox\_loring\model\etab\remod28.STR         

          FRAME DISPLACEMENTS  - - - - - - C:\Dropbox\_loring\model\etab\remod28.DSP         

          FRAME MEMBER FORCES  - - - - - - C:\Dropbox\_loring\model\etab\remod28.FRM         

          ANALYSIS SUMMARY - - - - - - - - C:\Dropbox\_loring\model\etab\remod28.SUM         

          EXECUTION LOG  - - - - - - - - - C:\Dropbox\_loring\model\etab\remod28.LOG         

          POSTPROCESSING INFORMATION - - - C:\Dropbox\_loring\model\etab\remod28.PST         


 S U C C E S S F U L   E X E C U T I O N   ! ! ! !       30 Apr 2021  14:30:24
