
 I N P U T   P H A S E                                    5 Sep 2020  13:52:11

     PROCESSING CONTROL INFORMATION

     PROCESSING STORY DATA

     PROCESSING MATERIAL AND SECTION PROPERTY DATA

  >>  ERROR >> SECTION DIMENSIONS MUST BE GREATER THAN ZERO                  

     PROCESSING FRAME TYPE  1 : TYPICAL                                         

          PROCESSING FRAME GEOMETRY & LOADING DATA

          PROCESSING FRAME ELEMENT LOCATION DATA

          PROCESSING FRAME LOADING LOCATION DATA

          CHECKING LEVEL ROOF    
          CHECKING LEVEL WINTOP  
          CHECKING LEVEL WINBOT  
          CHECKING LEVEL FLOOR   
          CHECKING LEVEL FNDTOP  
          CHECKING LEVEL FNDMID  
          CHECKING LEVEL FNDBOT  

     PROCESSING FRAME LOCATION DATA

  >>  ERROR >> ALL STORY MASS (OR MMI) VALUES MAY NOT BE ZERO                

     PROCESSING STATIC LATERAL LOAD DATA

     PROCESSING LOAD CASE DATA
