
 I N P U T   P H A S E                                    9 Dec 2020  12:14:08

     PROCESSING CONTROL INFORMATION

     PROCESSING STORY DATA

     PROCESSING MATERIAL AND SECTION PROPERTY DATA

     PROCESSING FRAME TYPE  1 : CARPORT                                         

          PROCESSING FRAME GEOMETRY & LOADING DATA

          PROCESSING FRAME ELEMENT LOCATION DATA

          PROCESSING FRAME LOADING LOCATION DATA

          CHECKING LEVEL HITRIM  
          CHECKING LEVEL HICOL   
          CHECKING LEVEL HIBRAC1 
          CHECKING LEVEL HIBRAC2 
          CHECKING LEVEL MIDCOL  
          CHECKING LEVEL LOWBRC2 
          CHECKING LEVEL LOWBRC1 
          CHECKING LEVEL LOWCOL  
          CHECKING LEVEL LOWTRIM 
          CHECKING LEVEL LOWBC1  
          CHECKING LEVEL LOWBC2  

     PROCESSING FRAME LOCATION DATA

     PROCESSING STATIC LATERAL LOAD DATA

     PROCESSING LOAD CASE DATA


 F R A M E   S T I F F N E S S   P H A S E                9 Dec 2020  12:14:10

 PROCESSING FRAME TYPE  1

     OPTIMIZING STIFFNESS MATRIX PROFILE

     GENERATING ELEMENT STIFFNESS MATRICES

          AT LEVEL HITRIM  
          AT LEVEL HICOL   
          AT LEVEL HIBRAC1 
          AT LEVEL HIBRAC2 
          AT LEVEL MIDCOL  
          AT LEVEL LOWBRC2 
          AT LEVEL LOWBRC1 
          AT LEVEL LOWCOL  
          AT LEVEL LOWTRIM 
          AT LEVEL LOWBC1  
          AT LEVEL LOWBC2  

     GENERATING STIFFNESS MATRIX PROFILE

     FRAME STIFFNESS MATRIX STATISTICS

          TOTAL NUMBER OF EQUATIONS           =         309
          TOTAL NUMBER OF ELEMENTS            =         139
          NUMBER OF WORDS IN STIFFNESS MATRIX =       13965
          NUMBER OF BLOCKS                    =           1
          BLOCK SIZE AVAILABLE AT REDUCTION   =      248317
          BLOCK SIZE AVAILABLE AT RECOVERY    =      244819
          BLOCK SIZE USED                     =       13965

     ASSEMBLING STIFFNESS BLOCK   1  OF   1

     ASSEMBLING LOAD      BLOCK   1  OF   6
            AND LOAD      BLOCK   2

     ASSEMBLING LOAD      BLOCK   3  OF   6
            AND LOAD      BLOCK   4

     ASSEMBLING LOAD      BLOCK   5  OF   6
            AND LOAD      BLOCK   6

     CONDENSING STIFFNESS BLOCK   1  OF   1
             BY STIFFNESS BLOCK   1

     CONDENSING LOAD      BLOCK   1  OF   6

     CONDENSING LOAD      BLOCK   2  OF   6

     CONDENSING LOAD      BLOCK   3  OF   6

     CONDENSING LOAD      BLOCK   4  OF   6

     CONDENSING LOAD      BLOCK   5  OF   6

     CONDENSING LOAD      BLOCK   6  OF   6

     EXTRACTING FRAME LATERAL STIFFNESS MATRIX


 S T R U C T U R E   S T I F F N E S S   P H A S E        9 Dec 2020  12:14:11

     ASSEMBLING STRUCTURAL LATERAL STIFFNESS

          ADDING FRAME :                                                 

     TRIANGULARIZING LATERAL STIFFNESS MATRIX

 E I G E N   S O L U T I O N   P H A S E

     EVALUATING MODE SHAPES AND FREQUENCIES

          EIGEN SYSTEM PARAMETERS FOR SUBSPACE ITERATION

          NUMBER OF LATERAL DEGREES OF FREEDOM  =     33
          NUMBER OF MASS DEGREES OF FREEDOM     =     33
          NUMBER OF REQUIRED MODE SHAPES        =      3
          NUMBER OF VECTORS IN SUBSPACE         =      9



          ITERATION        APPROXIMATIONS TO NEXT 4 TIME PERIODS
             NUMBER
                  1   0.1153698   0.0980902   0.0599856   0.0035959
                  2   0.1235251   0.0982082   0.0977183   0.0056206
                  3   0.1235251   0.0982082   0.0977183   0.0060378

          MODE SHAPE  1  OF  3  CONVERGED    (PERIOD IS   0.1235251)

          MODE SHAPE  2  OF  3  CONVERGED    (PERIOD IS   0.0982082)

          MODE SHAPE  3  OF  3  CONVERGED    (PERIOD IS   0.0977183)

     WRITING MODE SHAPES AND FREQUENCIES


 S T R U C T U R E   S O L U T I O N   P H A S E          9 Dec 2020  12:14:12

     CALCULATING CENTERS OF RIGIDITY

     STATIC ANALYSIS SOLUTION

     PRODUCING FRAME LATERAL DISPLACEMENTS

          PROCESSING FRAME :                                                 

     PRODUCING FRAME VERTICAL DISPLACEMENTS

          PROCESSING FRAME :                                                 

               BACKSUBSTITUTING LOAD BLOCK   1  OF   1
                        BY STIFFNESS BLOCK   1

               RECOVERING FRAME DISPLACEMENTS

                         AT LEVEL LOWBC2  
                         AT LEVEL LOWBC1  
                         AT LEVEL LOWTRIM 
                         AT LEVEL LOWCOL  
                         AT LEVEL LOWBRC1 
                         AT LEVEL LOWBRC2 
                         AT LEVEL MIDCOL  
                         AT LEVEL HIBRAC2 
                         AT LEVEL HIBRAC1 
                         AT LEVEL HICOL   
                         AT LEVEL HITRIM  

     WRITING FRAME ORIGIN DISPLACEMENTS

          PROCESSING FRAME :                                                 

     WRITING FRAME ORIGIN DRIFT RATIOS

          PROCESSING FRAME :                                                 

     WRITING FRAME ORIGIN STORY SHEARS

          PROCESSING FRAME :                                                 


 F R A M E   R E C O V E R Y   P H A S E                  9 Dec 2020  12:14:12

 PROCESSING FRAME :                                                 

     RECOVERING FRAME DISPLACEMENTS AND MEMBER FORCES

          AT LEVEL LOWBC2  
          AT LEVEL LOWBC1  
          AT LEVEL LOWTRIM 
          AT LEVEL LOWCOL  
          AT LEVEL LOWBRC1 
          AT LEVEL LOWBRC2 
          AT LEVEL MIDCOL  
          AT LEVEL HIBRAC2 
          AT LEVEL HIBRAC1 
          AT LEVEL HICOL   
          AT LEVEL HITRIM  

     RECOVERING FRAME BASE REACTIONS


 F R A M E   O U T P U T   P H A S E                      9 Dec 2020  12:14:14

 PROCESSING FRAME :                                                 

     WRITING FRAME DISPLACEMENTS & MEMBER FORCES

          AT LEVEL HITRIM  
          AT LEVEL HICOL   
          AT LEVEL HIBRAC1 
          AT LEVEL HIBRAC2 
          AT LEVEL MIDCOL  
          AT LEVEL LOWBRC2 
          AT LEVEL LOWBRC1 
          AT LEVEL LOWCOL  
          AT LEVEL LOWTRIM 
          AT LEVEL LOWBC1  
          AT LEVEL LOWBC2  

     WRITING FRAME BASE REACTIONS



       O U T P U T   F I L E S   C R E A T E D   B Y   P R O G R A M


          ECHO OF INPUT  - - - - - - - - - c:\etabsn\cpmod01\cpmod11.EKO                     

          TIME PERIODS & MODE SHAPES - - - c:\etabsn\cpmod01\cpmod11.EIG                     

          STORY DISPLACEMENTS & FORCES - - c:\etabsn\cpmod01\cpmod11.STR                     

          FRAME DISPLACEMENTS  - - - - - - c:\etabsn\cpmod01\cpmod11.DSP                     

          FRAME MEMBER FORCES  - - - - - - c:\etabsn\cpmod01\cpmod11.FRM                     

          ANALYSIS SUMMARY - - - - - - - - c:\etabsn\cpmod01\cpmod11.SUM                     

          EXECUTION LOG  - - - - - - - - - c:\etabsn\cpmod01\cpmod11.LOG                     

          POSTPROCESSING INFORMATION - - - c:\etabsn\cpmod01\cpmod11.PST                     


 S U C C E S S F U L   E X E C U T I O N   ! ! ! !        9 Dec 2020  12:14:15
