
 I N P U T   P H A S E                                    9 Sep 2020  20:32:45

     PROCESSING CONTROL INFORMATION

     PROCESSING STORY DATA

     PROCESSING MATERIAL AND SECTION PROPERTY DATA

     PROCESSING FRAME TYPE  1 : CARPORT                                         

          PROCESSING FRAME GEOMETRY & LOADING DATA

          PROCESSING FRAME ELEMENT LOCATION DATA

          PROCESSING FRAME LOADING LOCATION DATA

          CHECKING LEVEL HITRIM  
          CHECKING LEVEL HICOL   
          CHECKING LEVEL HIBRAC1 
          CHECKING LEVEL HIBRAC2 
          CHECKING LEVEL MIDCOL  
          CHECKING LEVEL LOWBRC2 
          CHECKING LEVEL LOWBRC1 
          CHECKING LEVEL LOWCOL  
          CHECKING LEVEL LOWTRIM 
          CHECKING LEVEL LOWBC1  
          CHECKING LEVEL LOWBC2  

     PROCESSING FRAME LOCATION DATA

     PROCESSING STATIC LATERAL LOAD DATA


 F R A M E   S T I F F N E S S   P H A S E                9 Sep 2020  20:32:46

 PROCESSING FRAME TYPE  1

     OPTIMIZING STIFFNESS MATRIX PROFILE

     GENERATING ELEMENT STIFFNESS MATRICES

          AT LEVEL HITRIM  
          AT LEVEL HICOL   
          AT LEVEL HIBRAC1 
          AT LEVEL HIBRAC2 
          AT LEVEL MIDCOL  
          AT LEVEL LOWBRC2 
          AT LEVEL LOWBRC1 
          AT LEVEL LOWCOL  
          AT LEVEL LOWTRIM 
          AT LEVEL LOWBC1  
          AT LEVEL LOWBC2  

     GENERATING STIFFNESS MATRIX PROFILE

     FRAME STIFFNESS MATRIX STATISTICS

          TOTAL NUMBER OF EQUATIONS           =         285
          TOTAL NUMBER OF ELEMENTS            =         109
          NUMBER OF WORDS IN STIFFNESS MATRIX =       11280
          NUMBER OF BLOCKS                    =           1
          BLOCK SIZE AVAILABLE AT REDUCTION   =      185849
          BLOCK SIZE AVAILABLE AT RECOVERY    =      182762
          BLOCK SIZE USED                     =       11280

     ASSEMBLING STIFFNESS BLOCK   1  OF   1

     ASSEMBLING LOAD      BLOCK   1  OF   6
            AND LOAD      BLOCK   2

     ASSEMBLING LOAD      BLOCK   3  OF   6
            AND LOAD      BLOCK   4

     ASSEMBLING LOAD      BLOCK   5  OF   6
            AND LOAD      BLOCK   6

     CONDENSING STIFFNESS BLOCK   1  OF   1
             BY STIFFNESS BLOCK   1

     CONDENSING LOAD      BLOCK   1  OF   6

     CONDENSING LOAD      BLOCK   2  OF   6

     CONDENSING LOAD      BLOCK   3  OF   6

     CONDENSING LOAD      BLOCK   4  OF   6

     CONDENSING LOAD      BLOCK   5  OF   6

     CONDENSING LOAD      BLOCK   6  OF   6

     EXTRACTING FRAME LATERAL STIFFNESS MATRIX


 S T R U C T U R E   S T I F F N E S S   P H A S E        9 Sep 2020  20:32:48

     ASSEMBLING STRUCTURAL LATERAL STIFFNESS

          ADDING FRAME :                                                 

  >>  FATAL >> INSTABILITY IN STRUCTURE/EXCESSIVE P-DELTA AT LEVEL 1         
